<?xml version="1.0" encoding="UTF-8"?>
<testng-results skipped="0" failed="1" ignored="0" total="1" passed="0">
  <reporter-output>
  </reporter-output>
  <suite name="Default suite" duration-ms="6367" started-at="2021-01-02T18:37:16 EET" finished-at="2021-01-02T18:37:22 EET">
    <groups>
    </groups>
    <test name="Default test" duration-ms="6367" started-at="2021-01-02T18:37:16 EET" finished-at="2021-01-02T18:37:22 EET">
      <class name="firsttestpkg.TestNGClass">
        <test-method status="PASS" signature="setBaseParams()[pri:0, instance:firsttestpkg.TestNGClass@57855c9a]" name="setBaseParams" is-config="true" duration-ms="6249" started-at="2021-01-02T18:37:16 EET" finished-at="2021-01-02T18:37:22 EET">
          <reporter-output>
          </reporter-output>
        </test-method> <!-- setBaseParams -->
        <test-method status="FAIL" signature="openWebPage()[pri:0, instance:firsttestpkg.TestNGClass@57855c9a]" name="openWebPage" duration-ms="9" started-at="2021-01-02T18:37:22 EET" finished-at="2021-01-02T18:37:22 EET">
          <exception class="java.lang.NullPointerException">
            <full-stacktrace>
              <![CDATA[java.lang.NullPointerException
at firsttestpkg.LoginInteractor.Login(LoginInteractor.java:22)
at firsttestpkg.TestNGClass.openWebPage(TestNGClass.java:25)
at sun.reflect.NativeMethodAccessorImpl.invoke0(Native Method)
at sun.reflect.NativeMethodAccessorImpl.invoke(Unknown Source)
at sun.reflect.DelegatingMethodAccessorImpl.invoke(Unknown Source)
at java.lang.reflect.Method.invoke(Unknown Source)
at org.testng.internal.MethodInvocationHelper.invokeMethod(MethodInvocationHelper.java:132)
at org.testng.internal.TestInvoker.invokeMethod(TestInvoker.java:599)
at org.testng.internal.TestInvoker.invokeTestMethod(TestInvoker.java:174)
at org.testng.internal.MethodRunner.runInSequence(MethodRunner.java:46)
at org.testng.internal.TestInvoker$MethodInvocationAgent.invoke(TestInvoker.java:822)
at org.testng.internal.TestInvoker.invokeTestMethods(TestInvoker.java:147)
at org.testng.internal.TestMethodWorker.invokeTestMethods(TestMethodWorker.java:146)
at org.testng.internal.TestMethodWorker.run(TestMethodWorker.java:128)
at java.util.ArrayList.forEach(Unknown Source)
at org.testng.TestRunner.privateRun(TestRunner.java:764)
at org.testng.TestRunner.run(TestRunner.java:585)
at org.testng.SuiteRunner.runTest(SuiteRunner.java:384)
at org.testng.SuiteRunner.runSequentially(SuiteRunner.java:378)
at org.testng.SuiteRunner.privateRun(SuiteRunner.java:337)
at org.testng.SuiteRunner.run(SuiteRunner.java:286)
at org.testng.SuiteRunnerWorker.runSuite(SuiteRunnerWorker.java:53)
at org.testng.SuiteRunnerWorker.run(SuiteRunnerWorker.java:96)
at org.testng.TestNG.runSuitesSequentially(TestNG.java:1218)
at org.testng.TestNG.runSuitesLocally(TestNG.java:1140)
at org.testng.TestNG.runSuites(TestNG.java:1069)
at org.testng.TestNG.run(TestNG.java:1037)
at org.testng.remote.AbstractRemoteTestNG.run(AbstractRemoteTestNG.java:115)
at org.testng.remote.RemoteTestNG.initAndRun(RemoteTestNG.java:251)
at org.testng.remote.RemoteTestNG.main(RemoteTestNG.java:77)
]]>
            </full-stacktrace>
          </exception> <!-- java.lang.NullPointerException -->
          <reporter-output>
          </reporter-output>
        </test-method> <!-- openWebPage -->
        <test-method status="PASS" signature="cleanup()[pri:0, instance:firsttestpkg.TestNGClass@57855c9a]" name="cleanup" is-config="true" duration-ms="72" started-at="2021-01-02T18:37:22 EET" finished-at="2021-01-02T18:37:22 EET">
          <reporter-output>
          </reporter-output>
        </test-method> <!-- cleanup -->
      </class> <!-- firsttestpkg.TestNGClass -->
    </test> <!-- Default test -->
  </suite> <!-- Default suite -->
</testng-results>
